<?xml version="1.0" encoding="UTF-8"?>
<!-- Generated by org.testng.reporters.JUnitXMLReporter -->
<testsuite hostname="Niranjan" name="Test" tests="2" failures="0" timestamp="14 Aug 2017 09:16:23 GMT" time="11.442" errors="0">
  <testcase name="@BeforeClass Browser" time="0.0" classname="com.CMD.TestNGcmd">
    <failure type="org.openqa.selenium.UnsupportedCommandException" message="The test with session id 80195eea52b342edadd66953e86a10df has already finished, and can&amp;apos;t receive further commands.
You can learn more at https://saucelabs.com/jobs/80195eea52b342edadd66953e86a10df
For help, please check https://wiki.saucelabs.com/display/DOCS/Common+Error+Messages
Command duration or timeout: 356 milliseconds
Build info: version: &amp;apos;unknown&amp;apos;, revision: &amp;apos;unknown&amp;apos;, time: &amp;apos;unknown&amp;apos;
System info: host: &amp;apos;NIRANJAN&amp;apos;, ip: &amp;apos;192.168.0.115&amp;apos;, os.name: &amp;apos;Windows 10&amp;apos;, os.arch: &amp;apos;x86&amp;apos;, os.version: &amp;apos;10.0&amp;apos;, java.version: &amp;apos;1.8.0_141&amp;apos;
Driver info: org.openqa.selenium.remote.RemoteWebDriver
Capabilities [{mobileEmulationEnabled=false, hasTouchScreen=false, platform=XP, acceptSslCerts=true, webStorageEnabled=true, takesScreenshot=true, browserName=chrome, javascriptEnabled=true, unexpectedAlertBehaviour=, applicationCacheEnabled=false, rotatable=false, networkConnectionEnabled=false, chrome={chromedriverVersion=2.29.461591 (62ebf098771772160f391d75e589dc567915b233), userDataDir=C:\Users\ADMINI~1\AppData\Local\Temp\scoped_dir2436_8274}, takesHeapSnapshot=true, unhandledPromptBehavior=, pageLoadStrategy=normal, hasMetadata=true, handlesAlerts=true, databaseEnabled=false, version=59.0.3071.86, browserConnectionEnabled=false, nativeEvents=true, webdriver.remote.sessionid=80195eea52b342edadd66953e86a10df, locationContextEnabled=true, cssSelectorsEnabled=true}]
Session ID: 80195eea52b342edadd66953e86a10df
*** Element info: {Using=xpath, value=//*[@id=&amp;apos;username&amp;apos;]}">
      <![CDATA[org.openqa.selenium.UnsupportedCommandException: The test with session id 80195eea52b342edadd66953e86a10df has already finished, and can't receive further commands.
You can learn more at https://saucelabs.com/jobs/80195eea52b342edadd66953e86a10df
For help, please check https://wiki.saucelabs.com/display/DOCS/Common+Error+Messages
Command duration or timeout: 356 milliseconds
Build info: version: 'unknown', revision: 'unknown', time: 'unknown'
System info: host: 'NIRANJAN', ip: '192.168.0.115', os.name: 'Windows 10', os.arch: 'x86', os.version: '10.0', java.version: '1.8.0_141'
Driver info: org.openqa.selenium.remote.RemoteWebDriver
Capabilities [{mobileEmulationEnabled=false, hasTouchScreen=false, platform=XP, acceptSslCerts=true, webStorageEnabled=true, takesScreenshot=true, browserName=chrome, javascriptEnabled=true, unexpectedAlertBehaviour=, applicationCacheEnabled=false, rotatable=false, networkConnectionEnabled=false, chrome={chromedriverVersion=2.29.461591 (62ebf098771772160f391d75e589dc567915b233), userDataDir=C:\Users\ADMINI~1\AppData\Local\Temp\scoped_dir2436_8274}, takesHeapSnapshot=true, unhandledPromptBehavior=, pageLoadStrategy=normal, hasMetadata=true, handlesAlerts=true, databaseEnabled=false, version=59.0.3071.86, browserConnectionEnabled=false, nativeEvents=true, webdriver.remote.sessionid=80195eea52b342edadd66953e86a10df, locationContextEnabled=true, cssSelectorsEnabled=true}]
Session ID: 80195eea52b342edadd66953e86a10df
*** Element info: {Using=xpath, value=//*[@id='username']}
	at org.openqa.selenium.remote.ErrorHandler.createThrowable(ErrorHandler.java:215)
	at org.openqa.selenium.remote.ErrorHandler.throwIfResponseFailed(ErrorHandler.java:167)
	at org.openqa.selenium.remote.RemoteWebDriver.execute(RemoteWebDriver.java:675)
	at org.openqa.selenium.remote.RemoteWebDriver.findElement(RemoteWebDriver.java:414)
	at org.openqa.selenium.remote.RemoteWebDriver.findElementByXPath(RemoteWebDriver.java:513)
	at org.openqa.selenium.By$ByXPath.findElement(By.java:361)
	at org.openqa.selenium.remote.RemoteWebDriver.findElement(RemoteWebDriver.java:406)
	at com.CMD.TestNGcmd.Browser(TestNGcmd.java:48)
... Removed 27 stack frames]]>
    </failure>
  </testcase> <!-- @BeforeClass Browser -->
  <testcase name="run" time="0.0" classname="com.CMD.TestNGcmd">
    <skipped/>
  </testcase> <!-- run -->
  <testcase name="close" time="0.0" classname="com.CMD.TestNGcmd">
    <skipped/>
  </testcase> <!-- close -->
</testsuite> <!-- Test -->
